[debug] [2019-11-20T16:56:51.288Z] ----------------------------------------------------------------------
[debug] [2019-11-20T16:56:51.289Z] Command:       /usr/local/bin/node /usr/local/bin/firebase init
[debug] [2019-11-20T16:56:51.289Z] CLI Version:   7.8.0
[debug] [2019-11-20T16:56:51.289Z] Platform:      darwin
[debug] [2019-11-20T16:56:51.289Z] Node Version:  v12.10.0
[debug] [2019-11-20T16:56:51.290Z] Time:          Wed Nov 20 2019 11:56:51 GMT-0500 (Eastern Standard Time)
[debug] [2019-11-20T16:56:51.290Z] ----------------------------------------------------------------------
[debug] [2019-11-20T16:56:51.290Z] 
[debug] [2019-11-20T16:56:51.295Z] > command requires scopes: ["email","openid","https://www.googleapis.com/auth/cloudplatformprojects.readonly","https://www.googleapis.com/auth/firebase","https://www.googleapis.com/auth/cloud-platform"]
[debug] [2019-11-20T16:56:51.295Z] > authorizing via signed-in user
[info] 
     ######## #### ########  ######## ########     ###     ######  ########
     ##        ##  ##     ## ##       ##     ##  ##   ##  ##       ##
     ######    ##  ########  ######   ########  #########  ######  ######
     ##        ##  ##    ##  ##       ##     ## ##     ##       ## ##
     ##       #### ##     ## ######## ########  ##     ##  ######  ########

You're about to initialize a Firebase project in this directory:

  /Users/randyhattab/Downloads/Computer_Networks_Project-master

[info] 
=== Project Setup
[info] 
[info] First, let's associate this project directory with a Firebase project.
[info] You can create multiple project aliases by running firebase use --add, 
[info] but for now we'll just set up a default project.
[info] 
[debug] [2019-11-20T16:57:00.168Z] > refreshing access token with scopes: ["email","https://www.googleapis.com/auth/cloud-platform","https://www.googleapis.com/auth/cloudplatformprojects.readonly","https://www.googleapis.com/auth/firebase","openid"]
[debug] [2019-11-20T16:57:00.169Z] >>> HTTP REQUEST POST https://www.googleapis.com/oauth2/v3/token  
 <request body omitted>
[debug] [2019-11-20T16:57:00.341Z] <<< HTTP RESPONSE 200
[debug] [2019-11-20T16:57:00.350Z] >>> HTTP REQUEST GET https://firebase.googleapis.com/v1beta1/projects?pageSize=100  
 
[debug] [2019-11-20T16:57:00.953Z] <<< HTTP RESPONSE 200
[info] i  Using project solo-drone (Solo Drone)
[info] 
=== Database Setup
[info] 
[info] Firebase Realtime Database Rules allow you to define how your data should be
[info] structured and when your data can be read from and written to.
[info] 
[debug] [2019-11-20T16:57:13.408Z] >>> HTTP REQUEST GET https://solo-drone.firebaseio.com/.settings/rules.json  
 
[debug] [2019-11-20T16:57:14.187Z] <<< HTTP RESPONSE 200
[debug] [2019-11-20T16:57:14.188Z] Error: EISDIR: illegal operation on a directory, open '/Users/randyhattab/Downloads/Computer_Networks_Project-master'
    at Object.openSync (fs.js:451:3)
    at Object.writeFileSync (fs.js:1276:35)
    at Config.writeProjectFile (/usr/local/lib/node_modules/firebase-tools/lib/config.js:179:8)
    at /usr/local/lib/node_modules/firebase-tools/lib/init/features/database.js:25:23
    at processTicksAndRejections (internal/process/task_queues.js:93:5)
[error] 
[error] Error: An unexpected error has occurred.
